<?xml version="1.0" encoding="UTF-8"?>
<testsuite name="jbr.code.analysis.CalcTest" tests="4" skipped="0" failures="0" errors="0" timestamp="2018-06-19T18:07:07" hostname="DESKTOP-P483ACV" time="0.042">
  <properties/>
  <testcase name="testAdd" classname="jbr.code.analysis.CalcTest" time="0.041"/>
  <testcase name="testDiv" classname="jbr.code.analysis.CalcTest" time="0.0"/>
  <testcase name="testMul" classname="jbr.code.analysis.CalcTest" time="0.0"/>
  <testcase name="testSub" classname="jbr.code.analysis.CalcTest" time="0.0"/>
  <system-out><![CDATA[]]></system-out>
  <system-err><![CDATA[]]></system-err>
</testsuite>
